mode: set
github.com/benaskins/axon-agent/run.go:34.157,40.36 4 1
github.com/benaskins/axon-agent/run.go:40.36,42.3 1 0
github.com/benaskins/axon-agent/run.go:45.2,46.18 2 1
github.com/benaskins/axon-agent/run.go:46.18,48.3 1 1
github.com/benaskins/axon-agent/run.go:50.2,55.27 4 1
github.com/benaskins/axon-agent/run.go:55.27,57.3 1 1
github.com/benaskins/axon-agent/run.go:58.2,58.43 1 1
github.com/benaskins/axon-agent/run.go:58.43,60.3 1 0
github.com/benaskins/axon-agent/run.go:62.2,63.6 2 1
github.com/benaskins/axon-agent/run.go:63.6,65.27 2 1
github.com/benaskins/axon-agent/run.go:65.27,67.4 1 1
github.com/benaskins/axon-agent/run.go:68.3,81.66 5 1
github.com/benaskins/axon-agent/run.go:81.66,82.27 1 1
github.com/benaskins/axon-agent/run.go:82.27,84.29 2 1
github.com/benaskins/axon-agent/run.go:84.29,86.6 1 1
github.com/benaskins/axon-agent/run.go:89.4,89.26 1 1
github.com/benaskins/axon-agent/run.go:89.26,91.26 2 1
github.com/benaskins/axon-agent/run.go:91.26,93.6 1 1
github.com/benaskins/axon-agent/run.go:96.4,96.31 1 1
github.com/benaskins/axon-agent/run.go:96.31,98.5 1 1
github.com/benaskins/axon-agent/run.go:100.4,100.14 1 1
github.com/benaskins/axon-agent/run.go:103.3,103.17 1 1
github.com/benaskins/axon-agent/run.go:103.17,105.4 1 1
github.com/benaskins/axon-agent/run.go:107.3,111.25 3 1
github.com/benaskins/axon-agent/run.go:111.25,113.4 1 1
github.com/benaskins/axon-agent/run.go:115.3,119.26 3 1
github.com/benaskins/axon-agent/run.go:119.26,120.9 1 1
github.com/benaskins/axon-agent/run.go:124.3,132.32 2 1
github.com/benaskins/axon-agent/run.go:132.32,133.27 1 1
github.com/benaskins/axon-agent/run.go:133.27,135.5 1 1
github.com/benaskins/axon-agent/run.go:137.4,137.37 1 1
github.com/benaskins/axon-agent/run.go:137.37,143.5 2 1
github.com/benaskins/axon-agent/run.go:143.10,149.5 2 1
github.com/benaskins/axon-agent/run.go:153.2,154.22 2 1
github.com/benaskins/axon-agent/run.go:154.22,156.3 1 1
github.com/benaskins/axon-agent/run.go:158.2,161.8 1 1
